[debug] [2022-02-27T08:39:43.257Z] ----------------------------------------------------------------------
[debug] [2022-02-27T08:39:43.258Z] Command:       /Users/tarinkazi/.nvm/versions/node/v15.14.0/bin/node /Users/tarinkazi/.nvm/versions/node/v15.14.0/bin/firebase emulators:start
[debug] [2022-02-27T08:39:43.258Z] CLI Version:   10.2.1
[debug] [2022-02-27T08:39:43.258Z] Platform:      darwin
[debug] [2022-02-27T08:39:43.258Z] Node Version:  v15.14.0
[debug] [2022-02-27T08:39:43.259Z] Time:          Sun Feb 27 2022 03:39:43 GMT-0500 (Eastern Standard Time)
[debug] [2022-02-27T08:39:43.259Z] ----------------------------------------------------------------------
[debug] 
[debug] [2022-02-27T08:39:43.287Z] > command requires scopes: ["email","openid","https://www.googleapis.com/auth/cloudplatformprojects.readonly","https://www.googleapis.com/auth/firebase","https://www.googleapis.com/auth/cloud-platform"]
[debug] [2022-02-27T08:39:43.287Z] > authorizing via signed-in user (tarin.kazi.afrin@gmail.com)
[info] i  emulators: Starting emulators: functions {"metadata":{"emulator":{"name":"hub"},"message":"Starting emulators: functions"}}
[debug] [2022-02-27T08:39:43.300Z] [hub] writing locator at /var/folders/3p/qlvw_70s5zj79pgn1m1pds740000gn/T/hub-challenge-e932f.json
[warn] ⚠  functions: The following emulators are not running, calls to these services from the Functions emulator will affect production: auth, firestore, database, hosting, pubsub, storage {"metadata":{"emulator":{"name":"functions"},"message":"The following emulators are not running, calls to these services from the Functions emulator will affect production: \u001b[1mauth, firestore, database, hosting, pubsub, storage\u001b[22m"}}
[warn] ⚠  Your requested "node" version "16" doesn't match your global version "15". Using node@15 from host. {"metadata":{"emulator":{"name":"functions"},"message":"Your requested \"node\" version \"16\" doesn't match your global version \"15\". Using node@15 from host."}}
[debug] [2022-02-27T08:39:43.321Z] defaultcredentials: writing to file /Users/tarinkazi/.config/firebase/tarin_kazi.afrin_gmail.com_application_default_credentials.json
[debug] [2022-02-27T08:39:43.322Z] Setting GAC to /Users/tarinkazi/.config/firebase/tarin_kazi.afrin_gmail.com_application_default_credentials.json {"metadata":{"emulator":{"name":"functions"},"message":"Setting GAC to /Users/tarinkazi/.config/firebase/tarin_kazi.afrin_gmail.com_application_default_credentials.json"}}
[debug] [2022-02-27T08:39:43.323Z] >>> [apiv2][query] GET https://firebase.googleapis.com/v1beta1/projects/challenge-e932f/adminSdkConfig [none]
[debug] [2022-02-27T08:39:43.657Z] <<< [apiv2][status] GET https://firebase.googleapis.com/v1beta1/projects/challenge-e932f/adminSdkConfig 200
[debug] [2022-02-27T08:39:43.658Z] <<< [apiv2][body] GET https://firebase.googleapis.com/v1beta1/projects/challenge-e932f/adminSdkConfig {"projectId":"challenge-e932f","databaseURL":"https://challenge-e932f-default-rtdb.firebaseio.com","storageBucket":"challenge-e932f.appspot.com"}
[info] i  ui: downloading ui-v1.6.5.zip... {"metadata":{"emulator":{"name":"ui"},"message":"downloading ui-v1.6.5.zip..."}}
[debug] [2022-02-27T08:39:43.694Z] >>> [apiv2][query] GET https://storage.googleapis.com/firebase-preview-drop/emulator/ui-v1.6.5.zip 
[debug] [2022-02-27T08:39:43.814Z] <<< [apiv2][status] GET https://storage.googleapis.com/firebase-preview-drop/emulator/ui-v1.6.5.zip 200
[debug] [2022-02-27T08:39:43.814Z] <<< [apiv2][body] GET https://storage.googleapis.com/firebase-preview-drop/emulator/ui-v1.6.5.zip [stream]
[debug] [2022-02-27T08:39:44.334Z] Ignoring unsupported arg: auto_download {"metadata":{"emulator":{"name":"ui"},"message":"Ignoring unsupported arg: auto_download"}}
[debug] [2022-02-27T08:39:44.335Z] Ignoring unsupported arg: port {"metadata":{"emulator":{"name":"ui"},"message":"Ignoring unsupported arg: port"}}
[debug] [2022-02-27T08:39:44.335Z] Starting Emulator UI with command {"binary":"node","args":["/Users/tarinkazi/.cache/firebase/emulators/ui-v1.6.5/server.bundle.js"],"optionalArgs":[],"joinArgs":false} {"metadata":{"emulator":{"name":"ui"},"message":"Starting Emulator UI with command {\"binary\":\"node\",\"args\":[\"/Users/tarinkazi/.cache/firebase/emulators/ui-v1.6.5/server.bundle.js\"],\"optionalArgs\":[],\"joinArgs\":false}"}}
[info] i  ui: Emulator UI logging to ui-debug.log {"metadata":{"emulator":{"name":"ui"},"message":"Emulator UI logging to \u001b[1mui-debug.log\u001b[22m"}}
[debug] [2022-02-27T08:39:44.389Z] Web / API server started at localhost:4000
 {"metadata":{"emulator":{"name":"ui"},"message":"Web / API server started at localhost:4000\n"}}
[info] i  functions: Watching "/Users/tarinkazi/lightHouseLab/ecommerceapp/my-app/functions" for Cloud Functions... {"metadata":{"emulator":{"name":"functions"},"message":"Watching \"/Users/tarinkazi/lightHouseLab/ecommerceapp/my-app/functions\" for Cloud Functions..."}}
[debug] [2022-02-27T08:39:44.601Z] Validating nodejs source
[debug] [2022-02-27T08:39:45.312Z] > [functions] package.json contents: {
  "name": "functions",
  "description": "Cloud Functions for Firebase",
  "scripts": {
    "lint": "eslint .",
    "serve": "firebase emulators:start --only functions",
    "shell": "firebase functions:shell",
    "start": "npm run shell",
    "deploy": "firebase deploy --only functions",
    "logs": "firebase functions:log"
  },
  "engines": {
    "node": "16"
  },
  "main": "index.js",
  "dependencies": {
    "cors": "^2.8.5",
    "express": "^4.17.3",
    "firebase-admin": "^9.8.0",
    "firebase-functions": "^3.14.1",
    "stripe": "^8.205.0"
  },
  "devDependencies": {
    "eslint": "^7.6.0",
    "eslint-config-google": "^0.14.0",
    "firebase-functions-test": "^0.2.0"
  },
  "private": true
}
[debug] [2022-02-27T08:39:45.313Z] Building nodejs source
[debug] [2022-02-27T08:39:45.313Z] Analyzing nodejs backend spec
[info] ✔  functions[us-central1-api]: http function initialized (http://localhost:5001/challenge-e932f/us-central1/api). {"metadata":{"emulator":{"name":"functions"},"message":"\u001b[1mhttp\u001b[22m function initialized (http://localhost:5001/challenge-e932f/us-central1/api)."}}
[info] 
┌─────────────────────────────────────────────────────────────┐
│ ✔  All emulators ready! It is now safe to connect your app. │
│ i  View Emulator UI at http://localhost:4000                │
└─────────────────────────────────────────────────────────────┘

┌───────────┬────────────────┬─────────────────────────────────┐
│ Emulator  │ Host:Port      │ View in Emulator UI             │
├───────────┼────────────────┼─────────────────────────────────┤
│ Functions │ localhost:5001 │ http://localhost:4000/functions │
└───────────┴────────────────┴─────────────────────────────────┘
  Emulator Hub running at localhost:4400
  Other reserved ports: 4500

Issues? Report them at https://github.com/firebase/firebase-tools/issues and attach the *-debug.log files.
 
[debug] [2022-02-27T08:40:25.172Z] [work-queue] {"queueLength":1,"workRunningCount":0}
[debug] [2022-02-27T08:40:25.173Z] [work-queue] {"queueLength":0,"workRunningCount":1}
[debug] [2022-02-27T08:40:25.173Z] Accepted request GET /challenge-e932f/us-central1/api --> us-central1-api
[debug] [2022-02-27T08:40:25.182Z] [worker-pool] addWorker(us-central1-api) {"metadata":{"emulator":{"name":"functions"},"message":"[worker-pool] addWorker(us-central1-api)"}}
[debug] [2022-02-27T08:40:25.182Z] [worker-pool] Adding worker with key us-central1-api, total=1 {"metadata":{"emulator":{"name":"functions"},"message":"[worker-pool] Adding worker with key us-central1-api, total=1"}}
[debug] [2022-02-27T08:40:25.182Z] [worker-pool] submitWork(triggerId=us-central1-api) {"metadata":{"emulator":{"name":"functions"},"message":"[worker-pool] submitWork(triggerId=us-central1-api)"}}
[debug] [2022-02-27T08:40:25.183Z] [worker-us-central1-api-1410db65-5a24-4b5b-8b09-af7a1f9bc66e]: Assigning socketPath: /var/folders/3p/qlvw_70s5zj79pgn1m1pds740000gn/T/fire_emu_19068.sock {"metadata":{"emulator":{"name":"functions"},"message":"[worker-us-central1-api-1410db65-5a24-4b5b-8b09-af7a1f9bc66e]: Assigning socketPath: /var/folders/3p/qlvw_70s5zj79pgn1m1pds740000gn/T/fire_emu_19068.sock"}}
[debug] [2022-02-27T08:40:25.183Z] [worker-us-central1-api-1410db65-5a24-4b5b-8b09-af7a1f9bc66e]: BUSY {"metadata":{"emulator":{"name":"functions"},"message":"[worker-us-central1-api-1410db65-5a24-4b5b-8b09-af7a1f9bc66e]: BUSY"}}
[debug] [2022-02-27T08:40:25.667Z] [runtime-status] [19068] Functions runtime initialized. {"cwd":"/Users/tarinkazi/lightHouseLab/ecommerceapp/my-app/functions","node_version":"15.14.0"} {"metadata":{"emulator":{"name":"functions"},"function":{"name":"us-central1-api"},"message":"[runtime-status] [19068] Functions runtime initialized. {\"cwd\":\"/Users/tarinkazi/lightHouseLab/ecommerceapp/my-app/functions\",\"node_version\":\"15.14.0\"}"}}
[debug] [2022-02-27T08:40:25.667Z] [runtime-status] [19068] Disabled runtime features: undefined {"metadata":{"emulator":{"name":"functions"},"function":{"name":"us-central1-api"},"message":"[runtime-status] [19068] Disabled runtime features: undefined"}}
[debug] [2022-02-27T08:40:25.668Z] [runtime-status] [19068] Resolved module firebase-admin {"declared":true,"installed":true,"version":"9.12.0","resolution":"/Users/tarinkazi/lightHouseLab/ecommerceapp/my-app/functions/node_modules/firebase-admin/lib/index.js"} {"metadata":{"emulator":{"name":"functions"},"function":{"name":"us-central1-api"},"message":"[runtime-status] [19068] Resolved module firebase-admin {\"declared\":true,\"installed\":true,\"version\":\"9.12.0\",\"resolution\":\"/Users/tarinkazi/lightHouseLab/ecommerceapp/my-app/functions/node_modules/firebase-admin/lib/index.js\"}"}}
[debug] [2022-02-27T08:40:25.670Z] [runtime-status] [19068] Resolved module firebase-functions {"declared":true,"installed":true,"version":"3.18.1","resolution":"/Users/tarinkazi/lightHouseLab/ecommerceapp/my-app/functions/node_modules/firebase-functions/lib/index.js"} {"metadata":{"emulator":{"name":"functions"},"function":{"name":"us-central1-api"},"message":"[runtime-status] [19068] Resolved module firebase-functions {\"declared\":true,\"installed\":true,\"version\":\"3.18.1\",\"resolution\":\"/Users/tarinkazi/lightHouseLab/ecommerceapp/my-app/functions/node_modules/firebase-functions/lib/index.js\"}"}}
[debug] [2022-02-27T08:40:25.670Z] [runtime-status] [19068] Outgoing network have been stubbed. [{"name":"http","status":"mocked"},{"name":"http","status":"mocked"},{"name":"https","status":"mocked"},{"name":"https","status":"mocked"},{"name":"net","status":"mocked"}] {"metadata":{"emulator":{"name":"functions"},"function":{"name":"us-central1-api"},"message":"[runtime-status] [19068] Outgoing network have been stubbed. [{\"name\":\"http\",\"status\":\"mocked\"},{\"name\":\"http\",\"status\":\"mocked\"},{\"name\":\"https\",\"status\":\"mocked\"},{\"name\":\"https\",\"status\":\"mocked\"},{\"name\":\"net\",\"status\":\"mocked\"}]"}}
[debug] [2022-02-27T08:40:25.671Z] [runtime-status] [19068] Resolved module firebase-functions {"declared":true,"installed":true,"version":"3.18.1","resolution":"/Users/tarinkazi/lightHouseLab/ecommerceapp/my-app/functions/node_modules/firebase-functions/lib/index.js"} {"metadata":{"emulator":{"name":"functions"},"function":{"name":"us-central1-api"},"message":"[runtime-status] [19068] Resolved module firebase-functions {\"declared\":true,\"installed\":true,\"version\":\"3.18.1\",\"resolution\":\"/Users/tarinkazi/lightHouseLab/ecommerceapp/my-app/functions/node_modules/firebase-functions/lib/index.js\"}"}}
[debug] [2022-02-27T08:40:25.691Z] [runtime-status] [19068] Checked functions.config() {"config":{}} {"metadata":{"emulator":{"name":"functions"},"function":{"name":"us-central1-api"},"message":"[runtime-status] [19068] Checked functions.config() {\"config\":{}}"}}
[debug] [2022-02-27T08:40:25.691Z] [runtime-status] [19068] firebase-functions has been stubbed. {"functionsResolution":{"declared":true,"installed":true,"version":"3.18.1","resolution":"/Users/tarinkazi/lightHouseLab/ecommerceapp/my-app/functions/node_modules/firebase-functions/lib/index.js"}} {"metadata":{"emulator":{"name":"functions"},"function":{"name":"us-central1-api"},"message":"[runtime-status] [19068] firebase-functions has been stubbed. {\"functionsResolution\":{\"declared\":true,\"installed\":true,\"version\":\"3.18.1\",\"resolution\":\"/Users/tarinkazi/lightHouseLab/ecommerceapp/my-app/functions/node_modules/firebase-functions/lib/index.js\"}}"}}
[debug] [2022-02-27T08:40:25.691Z] [runtime-status] [19068] Resolved module firebase-functions {"declared":true,"installed":true,"version":"3.18.1","resolution":"/Users/tarinkazi/lightHouseLab/ecommerceapp/my-app/functions/node_modules/firebase-functions/lib/index.js"} {"metadata":{"emulator":{"name":"functions"},"function":{"name":"us-central1-api"},"message":"[runtime-status] [19068] Resolved module firebase-functions {\"declared\":true,\"installed\":true,\"version\":\"3.18.1\",\"resolution\":\"/Users/tarinkazi/lightHouseLab/ecommerceapp/my-app/functions/node_modules/firebase-functions/lib/index.js\"}"}}
[debug] [2022-02-27T08:40:25.692Z] [runtime-status] [19068] Resolved module firebase-admin {"declared":true,"installed":true,"version":"9.12.0","resolution":"/Users/tarinkazi/lightHouseLab/ecommerceapp/my-app/functions/node_modules/firebase-admin/lib/index.js"} {"metadata":{"emulator":{"name":"functions"},"function":{"name":"us-central1-api"},"message":"[runtime-status] [19068] Resolved module firebase-admin {\"declared\":true,\"installed\":true,\"version\":\"9.12.0\",\"resolution\":\"/Users/tarinkazi/lightHouseLab/ecommerceapp/my-app/functions/node_modules/firebase-admin/lib/index.js\"}"}}
[debug] [2022-02-27T08:40:25.692Z] [runtime-status] [19068] Resolved module firebase-functions {"declared":true,"installed":true,"version":"3.18.1","resolution":"/Users/tarinkazi/lightHouseLab/ecommerceapp/my-app/functions/node_modules/firebase-functions/lib/index.js"} {"metadata":{"emulator":{"name":"functions"},"function":{"name":"us-central1-api"},"message":"[runtime-status] [19068] Resolved module firebase-functions {\"declared\":true,\"installed\":true,\"version\":\"3.18.1\",\"resolution\":\"/Users/tarinkazi/lightHouseLab/ecommerceapp/my-app/functions/node_modules/firebase-functions/lib/index.js\"}"}}
[debug] [2022-02-27T08:40:25.692Z] [runtime-status] [19068] firebase-admin has been stubbed. {"adminResolution":{"declared":true,"installed":true,"version":"9.12.0","resolution":"/Users/tarinkazi/lightHouseLab/ecommerceapp/my-app/functions/node_modules/firebase-admin/lib/index.js"}} {"metadata":{"emulator":{"name":"functions"},"function":{"name":"us-central1-api"},"message":"[runtime-status] [19068] firebase-admin has been stubbed. {\"adminResolution\":{\"declared\":true,\"installed\":true,\"version\":\"9.12.0\",\"resolution\":\"/Users/tarinkazi/lightHouseLab/ecommerceapp/my-app/functions/node_modules/firebase-admin/lib/index.js\"}}"}}
[debug] [2022-02-27T08:40:25.743Z] [runtime-status] [19068] Beginning invocation function api! {"metadata":{"emulator":{"name":"functions"},"function":{"name":"us-central1-api"},"message":"[runtime-status] [19068] Beginning invocation function api!"}}
[info] i  functions: Beginning execution of "api" {"metadata":{"emulator":{"name":"functions"},"function":{"name":"us-central1-api"},"message":"Beginning execution of \"api\""}}
[debug] [2022-02-27T08:40:25.744Z] [runtime-status] [19068] Running api in signature http {"metadata":{"emulator":{"name":"functions"},"function":{"name":"us-central1-api"},"message":"[runtime-status] [19068] Running api in signature http"}}
[debug] [2022-02-27T08:40:25.745Z] [runtime-status] [19068] Attempting to listen to socketPath: /var/folders/3p/qlvw_70s5zj79pgn1m1pds740000gn/T/fire_emu_19068.sock {"metadata":{"emulator":{"name":"functions"},"function":{"name":"us-central1-api"},"message":"[runtime-status] [19068] Attempting to listen to socketPath: /var/folders/3p/qlvw_70s5zj79pgn1m1pds740000gn/T/fire_emu_19068.sock"}}
[debug] [2022-02-27T08:40:25.746Z] [functions] Runtime ready! Sending request! {"metadata":{"emulator":{"name":"functions"},"message":"[functions] Runtime ready! Sending request!"}}
[debug] [2022-02-27T08:40:25.747Z] [functions] Got req.url=/challenge-e932f/us-central1/api, mapping to path=/ {"metadata":{"emulator":{"name":"functions"},"message":"[functions] Got req.url=/challenge-e932f/us-central1/api, mapping to path=/"}}
[debug] [2022-02-27T08:40:25.749Z] [runtime-status] [19068] Ephemeral server handling GET request {"metadata":{"emulator":{"name":"functions"},"function":{"name":"us-central1-api"},"message":"[runtime-status] [19068] Ephemeral server handling GET request"}}
[debug] [2022-02-27T08:40:25.753Z] [runtime-status] [19068] Ephemeral server survived. {"metadata":{"emulator":{"name":"functions"},"function":{"name":"us-central1-api"},"message":"[runtime-status] [19068] Ephemeral server survived."}}
[info] i  functions: Finished "api" in ~1s {"metadata":{"emulator":{"name":"functions"},"function":{"name":"us-central1-api"},"message":"Finished \"api\" in ~1s"}}
[debug] [2022-02-27T08:40:25.754Z] [worker-us-central1-api-1410db65-5a24-4b5b-8b09-af7a1f9bc66e]: IDLE {"metadata":{"emulator":{"name":"functions"},"message":"[worker-us-central1-api-1410db65-5a24-4b5b-8b09-af7a1f9bc66e]: IDLE"}}
[debug] [2022-02-27T08:40:25.754Z] [work-queue] {"queueLength":0,"workRunningCount":0}
[debug] [2022-02-27T08:40:25.800Z] Functions emulator received unknown request at path /favicon.ico
[debug] [2022-02-27T08:40:40.413Z] File /Users/tarinkazi/lightHouseLab/ecommerceapp/my-app/functions/index.js changed, reloading triggers {"metadata":{"emulator":{"name":"functions"},"message":"File /Users/tarinkazi/lightHouseLab/ecommerceapp/my-app/functions/index.js changed, reloading triggers"}}
[debug] [2022-02-27T08:40:41.416Z] [worker-pool] Shutting down IDLE worker (us-central1-api) {"metadata":{"emulator":{"name":"functions"},"message":"[worker-pool] Shutting down IDLE worker (us-central1-api)"}}
[debug] [2022-02-27T08:40:41.417Z] [worker-us-central1-api-1410db65-5a24-4b5b-8b09-af7a1f9bc66e]: FINISHING {"metadata":{"emulator":{"name":"functions"},"message":"[worker-us-central1-api-1410db65-5a24-4b5b-8b09-af7a1f9bc66e]: FINISHING"}}
[debug] [2022-02-27T08:40:41.421Z] Validating nodejs source
[debug] [2022-02-27T08:40:42.402Z] > [functions] package.json contents: {
  "name": "functions",
  "description": "Cloud Functions for Firebase",
  "scripts": {
    "lint": "eslint .",
    "serve": "firebase emulators:start --only functions",
    "shell": "firebase functions:shell",
    "start": "npm run shell",
    "deploy": "firebase deploy --only functions",
    "logs": "firebase functions:log"
  },
  "engines": {
    "node": "16"
  },
  "main": "index.js",
  "dependencies": {
    "cors": "^2.8.5",
    "express": "^4.17.3",
    "firebase-admin": "^9.8.0",
    "firebase-functions": "^3.14.1",
    "stripe": "^8.205.0"
  },
  "devDependencies": {
    "eslint": "^7.6.0",
    "eslint-config-google": "^0.14.0",
    "firebase-functions-test": "^0.2.0"
  },
  "private": true
}
[debug] [2022-02-27T08:40:42.402Z] Building nodejs source
[debug] [2022-02-27T08:40:42.402Z] Analyzing nodejs backend spec
[debug] [2022-02-27T08:40:42.408Z] [worker-us-central1-api-1410db65-5a24-4b5b-8b09-af7a1f9bc66e]: exited {"metadata":{"emulator":{"name":"functions"},"message":"[worker-us-central1-api-1410db65-5a24-4b5b-8b09-af7a1f9bc66e]: exited"}}
[debug] [2022-02-27T08:40:42.408Z] [worker-us-central1-api-1410db65-5a24-4b5b-8b09-af7a1f9bc66e]: FINISHED {"metadata":{"emulator":{"name":"functions"},"message":"[worker-us-central1-api-1410db65-5a24-4b5b-8b09-af7a1f9bc66e]: FINISHED"}}
[debug] [2022-02-27T08:48:03.118Z] File /Users/tarinkazi/lightHouseLab/ecommerceapp/my-app/functions/index.js changed, reloading triggers {"metadata":{"emulator":{"name":"functions"},"message":"File /Users/tarinkazi/lightHouseLab/ecommerceapp/my-app/functions/index.js changed, reloading triggers"}}
[debug] [2022-02-27T08:48:04.123Z] Validating nodejs source
[debug] [2022-02-27T08:48:05.171Z] > [functions] package.json contents: {
  "name": "functions",
  "description": "Cloud Functions for Firebase",
  "scripts": {
    "lint": "eslint .",
    "serve": "firebase emulators:start --only functions",
    "shell": "firebase functions:shell",
    "start": "npm run shell",
    "deploy": "firebase deploy --only functions",
    "logs": "firebase functions:log"
  },
  "engines": {
    "node": "16"
  },
  "main": "index.js",
  "dependencies": {
    "cors": "^2.8.5",
    "express": "^4.17.3",
    "firebase-admin": "^9.8.0",
    "firebase-functions": "^3.14.1",
    "stripe": "^8.205.0"
  },
  "devDependencies": {
    "eslint": "^7.6.0",
    "eslint-config-google": "^0.14.0",
    "firebase-functions-test": "^0.2.0"
  },
  "private": true
}
[debug] [2022-02-27T08:48:05.172Z] Building nodejs source
[debug] [2022-02-27T08:48:05.172Z] Analyzing nodejs backend spec
[debug] [2022-02-27T08:50:56.732Z] File /Users/tarinkazi/lightHouseLab/ecommerceapp/my-app/functions/index.js changed, reloading triggers {"metadata":{"emulator":{"name":"functions"},"message":"File /Users/tarinkazi/lightHouseLab/ecommerceapp/my-app/functions/index.js changed, reloading triggers"}}
[debug] [2022-02-27T08:50:57.741Z] Validating nodejs source
[debug] [2022-02-27T08:50:58.416Z] > [functions] package.json contents: {
  "name": "functions",
  "description": "Cloud Functions for Firebase",
  "scripts": {
    "lint": "eslint .",
    "serve": "firebase emulators:start --only functions",
    "shell": "firebase functions:shell",
    "start": "npm run shell",
    "deploy": "firebase deploy --only functions",
    "logs": "firebase functions:log"
  },
  "engines": {
    "node": "16"
  },
  "main": "index.js",
  "dependencies": {
    "cors": "^2.8.5",
    "express": "^4.17.3",
    "firebase-admin": "^9.8.0",
    "firebase-functions": "^3.14.1",
    "stripe": "^8.205.0"
  },
  "devDependencies": {
    "eslint": "^7.6.0",
    "eslint-config-google": "^0.14.0",
    "firebase-functions-test": "^0.2.0"
  },
  "private": true
}
[debug] [2022-02-27T08:50:58.417Z] Building nodejs source
[debug] [2022-02-27T08:50:58.417Z] Analyzing nodejs backend spec
[debug] [2022-02-27T09:00:45.411Z] [work-queue] {"queueLength":1,"workRunningCount":0}
[debug] [2022-02-27T09:00:45.412Z] [work-queue] {"queueLength":0,"workRunningCount":1}
[debug] [2022-02-27T09:00:45.412Z] Accepted request POST /challenge-e932f/us-central1/api/payments/create?total=19798 --> us-central1-api
[debug] [2022-02-27T09:00:45.412Z] [worker-pool] Cleaned up workers for us-central1-api: 1 --> 0 {"metadata":{"emulator":{"name":"functions"},"message":"[worker-pool] Cleaned up workers for us-central1-api: 1 --> 0"}}
[debug] [2022-02-27T09:00:45.421Z] [worker-pool] addWorker(us-central1-api) {"metadata":{"emulator":{"name":"functions"},"message":"[worker-pool] addWorker(us-central1-api)"}}
[debug] [2022-02-27T09:00:45.422Z] [worker-pool] Adding worker with key us-central1-api, total=1 {"metadata":{"emulator":{"name":"functions"},"message":"[worker-pool] Adding worker with key us-central1-api, total=1"}}
[debug] [2022-02-27T09:00:45.422Z] [worker-pool] submitWork(triggerId=us-central1-api) {"metadata":{"emulator":{"name":"functions"},"message":"[worker-pool] submitWork(triggerId=us-central1-api)"}}
[debug] [2022-02-27T09:00:45.422Z] [worker-us-central1-api-52772286-ac99-44ef-bfa4-4fd9f546b733]: Assigning socketPath: /var/folders/3p/qlvw_70s5zj79pgn1m1pds740000gn/T/fire_emu_20085.sock {"metadata":{"emulator":{"name":"functions"},"message":"[worker-us-central1-api-52772286-ac99-44ef-bfa4-4fd9f546b733]: Assigning socketPath: /var/folders/3p/qlvw_70s5zj79pgn1m1pds740000gn/T/fire_emu_20085.sock"}}
[debug] [2022-02-27T09:00:45.422Z] [worker-us-central1-api-52772286-ac99-44ef-bfa4-4fd9f546b733]: BUSY {"metadata":{"emulator":{"name":"functions"},"message":"[worker-us-central1-api-52772286-ac99-44ef-bfa4-4fd9f546b733]: BUSY"}}
[debug] [2022-02-27T09:00:46.011Z] [runtime-status] [20085] Functions runtime initialized. {"cwd":"/Users/tarinkazi/lightHouseLab/ecommerceapp/my-app/functions","node_version":"15.14.0"} {"metadata":{"emulator":{"name":"functions"},"function":{"name":"us-central1-api"},"message":"[runtime-status] [20085] Functions runtime initialized. {\"cwd\":\"/Users/tarinkazi/lightHouseLab/ecommerceapp/my-app/functions\",\"node_version\":\"15.14.0\"}"}}
[debug] [2022-02-27T09:00:46.012Z] [runtime-status] [20085] Disabled runtime features: undefined {"metadata":{"emulator":{"name":"functions"},"function":{"name":"us-central1-api"},"message":"[runtime-status] [20085] Disabled runtime features: undefined"}}
[debug] [2022-02-27T09:00:46.013Z] [runtime-status] [20085] Resolved module firebase-admin {"declared":true,"installed":true,"version":"9.12.0","resolution":"/Users/tarinkazi/lightHouseLab/ecommerceapp/my-app/functions/node_modules/firebase-admin/lib/index.js"} {"metadata":{"emulator":{"name":"functions"},"function":{"name":"us-central1-api"},"message":"[runtime-status] [20085] Resolved module firebase-admin {\"declared\":true,\"installed\":true,\"version\":\"9.12.0\",\"resolution\":\"/Users/tarinkazi/lightHouseLab/ecommerceapp/my-app/functions/node_modules/firebase-admin/lib/index.js\"}"}}
[debug] [2022-02-27T09:00:46.013Z] [runtime-status] [20085] Resolved module firebase-functions {"declared":true,"installed":true,"version":"3.18.1","resolution":"/Users/tarinkazi/lightHouseLab/ecommerceapp/my-app/functions/node_modules/firebase-functions/lib/index.js"} {"metadata":{"emulator":{"name":"functions"},"function":{"name":"us-central1-api"},"message":"[runtime-status] [20085] Resolved module firebase-functions {\"declared\":true,\"installed\":true,\"version\":\"3.18.1\",\"resolution\":\"/Users/tarinkazi/lightHouseLab/ecommerceapp/my-app/functions/node_modules/firebase-functions/lib/index.js\"}"}}
[debug] [2022-02-27T09:00:46.014Z] [runtime-status] [20085] Outgoing network have been stubbed. [{"name":"http","status":"mocked"},{"name":"http","status":"mocked"},{"name":"https","status":"mocked"},{"name":"https","status":"mocked"},{"name":"net","status":"mocked"}] {"metadata":{"emulator":{"name":"functions"},"function":{"name":"us-central1-api"},"message":"[runtime-status] [20085] Outgoing network have been stubbed. [{\"name\":\"http\",\"status\":\"mocked\"},{\"name\":\"http\",\"status\":\"mocked\"},{\"name\":\"https\",\"status\":\"mocked\"},{\"name\":\"https\",\"status\":\"mocked\"},{\"name\":\"net\",\"status\":\"mocked\"}]"}}
[debug] [2022-02-27T09:00:46.015Z] [runtime-status] [20085] Resolved module firebase-functions {"declared":true,"installed":true,"version":"3.18.1","resolution":"/Users/tarinkazi/lightHouseLab/ecommerceapp/my-app/functions/node_modules/firebase-functions/lib/index.js"} {"metadata":{"emulator":{"name":"functions"},"function":{"name":"us-central1-api"},"message":"[runtime-status] [20085] Resolved module firebase-functions {\"declared\":true,\"installed\":true,\"version\":\"3.18.1\",\"resolution\":\"/Users/tarinkazi/lightHouseLab/ecommerceapp/my-app/functions/node_modules/firebase-functions/lib/index.js\"}"}}
[debug] [2022-02-27T09:00:46.035Z] [runtime-status] [20085] Checked functions.config() {"config":{}} {"metadata":{"emulator":{"name":"functions"},"function":{"name":"us-central1-api"},"message":"[runtime-status] [20085] Checked functions.config() {\"config\":{}}"}}
[debug] [2022-02-27T09:00:46.035Z] [runtime-status] [20085] firebase-functions has been stubbed. {"functionsResolution":{"declared":true,"installed":true,"version":"3.18.1","resolution":"/Users/tarinkazi/lightHouseLab/ecommerceapp/my-app/functions/node_modules/firebase-functions/lib/index.js"}} {"metadata":{"emulator":{"name":"functions"},"function":{"name":"us-central1-api"},"message":"[runtime-status] [20085] firebase-functions has been stubbed. {\"functionsResolution\":{\"declared\":true,\"installed\":true,\"version\":\"3.18.1\",\"resolution\":\"/Users/tarinkazi/lightHouseLab/ecommerceapp/my-app/functions/node_modules/firebase-functions/lib/index.js\"}}"}}
[debug] [2022-02-27T09:00:46.035Z] [runtime-status] [20085] Resolved module firebase-functions {"declared":true,"installed":true,"version":"3.18.1","resolution":"/Users/tarinkazi/lightHouseLab/ecommerceapp/my-app/functions/node_modules/firebase-functions/lib/index.js"} {"metadata":{"emulator":{"name":"functions"},"function":{"name":"us-central1-api"},"message":"[runtime-status] [20085] Resolved module firebase-functions {\"declared\":true,\"installed\":true,\"version\":\"3.18.1\",\"resolution\":\"/Users/tarinkazi/lightHouseLab/ecommerceapp/my-app/functions/node_modules/firebase-functions/lib/index.js\"}"}}
[debug] [2022-02-27T09:00:46.036Z] [runtime-status] [20085] Resolved module firebase-admin {"declared":true,"installed":true,"version":"9.12.0","resolution":"/Users/tarinkazi/lightHouseLab/ecommerceapp/my-app/functions/node_modules/firebase-admin/lib/index.js"} {"metadata":{"emulator":{"name":"functions"},"function":{"name":"us-central1-api"},"message":"[runtime-status] [20085] Resolved module firebase-admin {\"declared\":true,\"installed\":true,\"version\":\"9.12.0\",\"resolution\":\"/Users/tarinkazi/lightHouseLab/ecommerceapp/my-app/functions/node_modules/firebase-admin/lib/index.js\"}"}}
[debug] [2022-02-27T09:00:46.036Z] [runtime-status] [20085] Resolved module firebase-functions {"declared":true,"installed":true,"version":"3.18.1","resolution":"/Users/tarinkazi/lightHouseLab/ecommerceapp/my-app/functions/node_modules/firebase-functions/lib/index.js"} {"metadata":{"emulator":{"name":"functions"},"function":{"name":"us-central1-api"},"message":"[runtime-status] [20085] Resolved module firebase-functions {\"declared\":true,\"installed\":true,\"version\":\"3.18.1\",\"resolution\":\"/Users/tarinkazi/lightHouseLab/ecommerceapp/my-app/functions/node_modules/firebase-functions/lib/index.js\"}"}}
[debug] [2022-02-27T09:00:46.036Z] [runtime-status] [20085] firebase-admin has been stubbed. {"adminResolution":{"declared":true,"installed":true,"version":"9.12.0","resolution":"/Users/tarinkazi/lightHouseLab/ecommerceapp/my-app/functions/node_modules/firebase-admin/lib/index.js"}} {"metadata":{"emulator":{"name":"functions"},"function":{"name":"us-central1-api"},"message":"[runtime-status] [20085] firebase-admin has been stubbed. {\"adminResolution\":{\"declared\":true,\"installed\":true,\"version\":\"9.12.0\",\"resolution\":\"/Users/tarinkazi/lightHouseLab/ecommerceapp/my-app/functions/node_modules/firebase-admin/lib/index.js\"}}"}}
[debug] [2022-02-27T09:00:46.094Z] [runtime-status] [20085] Beginning invocation function api! {"metadata":{"emulator":{"name":"functions"},"function":{"name":"us-central1-api"},"message":"[runtime-status] [20085] Beginning invocation function api!"}}
[info] i  functions: Beginning execution of "api" {"metadata":{"emulator":{"name":"functions"},"function":{"name":"us-central1-api"},"message":"Beginning execution of \"api\""}}
[debug] [2022-02-27T09:00:46.094Z] [runtime-status] [20085] Running api in signature http {"metadata":{"emulator":{"name":"functions"},"function":{"name":"us-central1-api"},"message":"[runtime-status] [20085] Running api in signature http"}}
[debug] [2022-02-27T09:00:46.095Z] [runtime-status] [20085] Attempting to listen to socketPath: /var/folders/3p/qlvw_70s5zj79pgn1m1pds740000gn/T/fire_emu_20085.sock {"metadata":{"emulator":{"name":"functions"},"function":{"name":"us-central1-api"},"message":"[runtime-status] [20085] Attempting to listen to socketPath: /var/folders/3p/qlvw_70s5zj79pgn1m1pds740000gn/T/fire_emu_20085.sock"}}
[debug] [2022-02-27T09:00:46.098Z] [functions] Runtime ready! Sending request! {"metadata":{"emulator":{"name":"functions"},"message":"[functions] Runtime ready! Sending request!"}}
[debug] [2022-02-27T09:00:46.098Z] [functions] Got req.url=/challenge-e932f/us-central1/api/payments/create?total=19798, mapping to path=/payments/create?total=19798 {"metadata":{"emulator":{"name":"functions"},"message":"[functions] Got req.url=/challenge-e932f/us-central1/api/payments/create?total=19798, mapping to path=/payments/create?total=19798"}}
[debug] [2022-02-27T09:00:46.101Z] [runtime-status] [20085] Ephemeral server handling POST request {"metadata":{"emulator":{"name":"functions"},"function":{"name":"us-central1-api"},"message":"[runtime-status] [20085] Ephemeral server handling POST request"}}
[info] >  Payments request received>> 19798 {"user":"Payments request received>> 19798","metadata":{"emulator":{"name":"functions"},"function":{"name":"us-central1-api"},"message":"\u001b[90m> \u001b[39m Payments request received>> 19798"}}
[debug] [2022-02-27T09:00:46.104Z] [runtime-status] [20085] Ephemeral server survived. {"metadata":{"emulator":{"name":"functions"},"function":{"name":"us-central1-api"},"message":"[runtime-status] [20085] Ephemeral server survived."}}
[info] >  /Users/tarinkazi/lightHouseLab/ecommerceapp/my-app/functions/index.js:24 {"user":"/Users/tarinkazi/lightHouseLab/ecommerceapp/my-app/functions/index.js:24","metadata":{"emulator":{"name":"functions"},"function":{"name":"us-central1-api"},"message":"\u001b[90m> \u001b[39m /Users/tarinkazi/lightHouseLab/ecommerceapp/my-app/functions/index.js:24"}}
[info] >      const paymentIntent = await stripe.paymentIntent.create({ {"user":"    const paymentIntent = await stripe.paymentIntent.create({","metadata":{"emulator":{"name":"functions"},"function":{"name":"us-central1-api"},"message":"\u001b[90m> \u001b[39m     const paymentIntent = await stripe.paymentIntent.create({"}}
[info] >                                                       ^ {"user":"                                                     ^","metadata":{"emulator":{"name":"functions"},"function":{"name":"us-central1-api"},"message":"\u001b[90m> \u001b[39m                                                      ^"}}
[info] >   {"user":"","metadata":{"emulator":{"name":"functions"},"function":{"name":"us-central1-api"},"message":"\u001b[90m> \u001b[39m "}}
[info] >  TypeError: Cannot read property 'create' of undefined {"user":"TypeError: Cannot read property 'create' of undefined","metadata":{"emulator":{"name":"functions"},"function":{"name":"us-central1-api"},"message":"\u001b[90m> \u001b[39m TypeError: Cannot read property 'create' of undefined"}}
[info] >      at /Users/tarinkazi/lightHouseLab/ecommerceapp/my-app/functions/index.js:24:54 {"user":"    at /Users/tarinkazi/lightHouseLab/ecommerceapp/my-app/functions/index.js:24:54","metadata":{"emulator":{"name":"functions"},"function":{"name":"us-central1-api"},"message":"\u001b[90m> \u001b[39m     at /Users/tarinkazi/lightHouseLab/ecommerceapp/my-app/functions/index.js:24:54"}}
[info] >      at Layer.handle [as handle_request] (/Users/tarinkazi/lightHouseLab/ecommerceapp/my-app/functions/node_modules/express/lib/router/layer.js:95:5) {"user":"    at Layer.handle [as handle_request] (/Users/tarinkazi/lightHouseLab/ecommerceapp/my-app/functions/node_modules/express/lib/router/layer.js:95:5)","metadata":{"emulator":{"name":"functions"},"function":{"name":"us-central1-api"},"message":"\u001b[90m> \u001b[39m     at Layer.handle [as handle_request] (/Users/tarinkazi/lightHouseLab/ecommerceapp/my-app/functions/node_modules/express/lib/router/layer.js:95:5)"}}
[info] >      at next (/Users/tarinkazi/lightHouseLab/ecommerceapp/my-app/functions/node_modules/express/lib/router/route.js:137:13) {"user":"    at next (/Users/tarinkazi/lightHouseLab/ecommerceapp/my-app/functions/node_modules/express/lib/router/route.js:137:13)","metadata":{"emulator":{"name":"functions"},"function":{"name":"us-central1-api"},"message":"\u001b[90m> \u001b[39m     at next (/Users/tarinkazi/lightHouseLab/ecommerceapp/my-app/functions/node_modules/express/lib/router/route.js:137:13)"}}
[info] >      at Route.dispatch (/Users/tarinkazi/lightHouseLab/ecommerceapp/my-app/functions/node_modules/express/lib/router/route.js:112:3) {"user":"    at Route.dispatch (/Users/tarinkazi/lightHouseLab/ecommerceapp/my-app/functions/node_modules/express/lib/router/route.js:112:3)","metadata":{"emulator":{"name":"functions"},"function":{"name":"us-central1-api"},"message":"\u001b[90m> \u001b[39m     at Route.dispatch (/Users/tarinkazi/lightHouseLab/ecommerceapp/my-app/functions/node_modules/express/lib/router/route.js:112:3)"}}
[info] >      at Layer.handle [as handle_request] (/Users/tarinkazi/lightHouseLab/ecommerceapp/my-app/functions/node_modules/express/lib/router/layer.js:95:5) {"user":"    at Layer.handle [as handle_request] (/Users/tarinkazi/lightHouseLab/ecommerceapp/my-app/functions/node_modules/express/lib/router/layer.js:95:5)","metadata":{"emulator":{"name":"functions"},"function":{"name":"us-central1-api"},"message":"\u001b[90m> \u001b[39m     at Layer.handle [as handle_request] (/Users/tarinkazi/lightHouseLab/ecommerceapp/my-app/functions/node_modules/express/lib/router/layer.js:95:5)"}}
[info] >      at /Users/tarinkazi/lightHouseLab/ecommerceapp/my-app/functions/node_modules/express/lib/router/index.js:281:22 {"user":"    at /Users/tarinkazi/lightHouseLab/ecommerceapp/my-app/functions/node_modules/express/lib/router/index.js:281:22","metadata":{"emulator":{"name":"functions"},"function":{"name":"us-central1-api"},"message":"\u001b[90m> \u001b[39m     at /Users/tarinkazi/lightHouseLab/ecommerceapp/my-app/functions/node_modules/express/lib/router/index.js:281:22"}}
[info] >      at Function.process_params (/Users/tarinkazi/lightHouseLab/ecommerceapp/my-app/functions/node_modules/express/lib/router/index.js:341:12) {"user":"    at Function.process_params (/Users/tarinkazi/lightHouseLab/ecommerceapp/my-app/functions/node_modules/express/lib/router/index.js:341:12)","metadata":{"emulator":{"name":"functions"},"function":{"name":"us-central1-api"},"message":"\u001b[90m> \u001b[39m     at Function.process_params (/Users/tarinkazi/lightHouseLab/ecommerceapp/my-app/functions/node_modules/express/lib/router/index.js:341:12)"}}
[info] >      at next (/Users/tarinkazi/lightHouseLab/ecommerceapp/my-app/functions/node_modules/express/lib/router/index.js:275:10) {"user":"    at next (/Users/tarinkazi/lightHouseLab/ecommerceapp/my-app/functions/node_modules/express/lib/router/index.js:275:10)","metadata":{"emulator":{"name":"functions"},"function":{"name":"us-central1-api"},"message":"\u001b[90m> \u001b[39m     at next (/Users/tarinkazi/lightHouseLab/ecommerceapp/my-app/functions/node_modules/express/lib/router/index.js:275:10)"}}
[info] >      at jsonParser (/Users/tarinkazi/lightHouseLab/ecommerceapp/my-app/functions/node_modules/body-parser/lib/types/json.js:119:7) {"user":"    at jsonParser (/Users/tarinkazi/lightHouseLab/ecommerceapp/my-app/functions/node_modules/body-parser/lib/types/json.js:119:7)","metadata":{"emulator":{"name":"functions"},"function":{"name":"us-central1-api"},"message":"\u001b[90m> \u001b[39m     at jsonParser (/Users/tarinkazi/lightHouseLab/ecommerceapp/my-app/functions/node_modules/body-parser/lib/types/json.js:119:7)"}}
[info] >      at Layer.handle [as handle_request] (/Users/tarinkazi/lightHouseLab/ecommerceapp/my-app/functions/node_modules/express/lib/router/layer.js:95:5) {"user":"    at Layer.handle [as handle_request] (/Users/tarinkazi/lightHouseLab/ecommerceapp/my-app/functions/node_modules/express/lib/router/layer.js:95:5)","metadata":{"emulator":{"name":"functions"},"function":{"name":"us-central1-api"},"message":"\u001b[90m> \u001b[39m     at Layer.handle [as handle_request] (/Users/tarinkazi/lightHouseLab/ecommerceapp/my-app/functions/node_modules/express/lib/router/layer.js:95:5)"}}
[debug] [2022-02-27T09:00:46.108Z] [worker-us-central1-api-52772286-ac99-44ef-bfa4-4fd9f546b733]: exited {"metadata":{"emulator":{"name":"functions"},"message":"[worker-us-central1-api-52772286-ac99-44ef-bfa4-4fd9f546b733]: exited"}}
[debug] [2022-02-27T09:00:46.108Z] [worker-us-central1-api-52772286-ac99-44ef-bfa4-4fd9f546b733]: FINISHED {"metadata":{"emulator":{"name":"functions"},"message":"[worker-us-central1-api-52772286-ac99-44ef-bfa4-4fd9f546b733]: FINISHED"}}
[debug] [2022-02-27T09:00:46.108Z] [work-queue] {"queueLength":0,"workRunningCount":0}
